Arguments: 
  /usr/local/Cellar/node/15.13.0/bin/node /usr/local/Cellar/yarn/1.22.10/libexec/bin/yarn.js

PATH: 
  /usr/local/opt/icu4c/sbin:/usr/local/opt/icu4c/bin:/usr/local/bin:/usr/bin:/bin:/usr/sbin:/sbin:/Library/Apple/usr/bin:/Users/nikolaypetrunin/www/diabeth/sh-gateway/node_modules/.bin

Yarn version: 
  1.22.10

Node version: 
  15.13.0

Platform: 
  darwin x64

Trace: 
  SyntaxError: /Users/nikolaypetrunin/www/diabeth/sh-gateway/package.json: Unexpected token } in JSON at position 185
      at JSON.parse (<anonymous>)
      at /usr/local/Cellar/yarn/1.22.10/libexec/lib/cli.js:1625:59
      at Generator.next (<anonymous>)
      at step (/usr/local/Cellar/yarn/1.22.10/libexec/lib/cli.js:310:30)
      at /usr/local/Cellar/yarn/1.22.10/libexec/lib/cli.js:321:13

npm manifest: 
  {
    "name": "sh-gateway",
    "version": "0.0.0",
    "private": true,
    "scripts": {
      "start": "node app.js"
    },
    "dependencies": {
      "debug": "~2.6.9",
      "express": "~4.16.1",
    }
  }

yarn manifest: 
  No manifest

Lockfile: 
  No lockfile
